app/build/outputs/mapping/release/seeds.txt
com.codex.cardisconnecttracker.tracking.BootCompletedReceiver
com.codex.cardisconnecttracker.tracking.BluetoothTrackingService
com.codex.cardisconnecttracker.CarTrackerApp
com.codex.cardisconnecttracker.MainActivity
com.codex.cardisconnecttracker.model.SaveOutcome: com.codex.cardisconnecttracker.model.SaveOutcome valueOf(java.lang.String)
com.codex.cardisconnecttracker.MainActivity: MainActivity()
com.codex.cardisconnecttracker.tracking.BluetoothTrackingService: BluetoothTrackingService()
com.codex.cardisconnecttracker.CarTrackerApp: CarTrackerApp()
com.codex.cardisconnecttracker.model.SaveOutcome: com.codex.cardisconnecttracker.model.SaveOutcome[] values()
com.codex.cardisconnecttracker.tracking.BootCompletedReceiver: BootCompletedReceiver()
...
com.google.android.material.timepicker.ClockHandView
com.google.android.material.datepicker.MaterialCalendarGridView
androidx.core.app.RemoteActionCompat
com.google.android.gms.common.api.GoogleApiActivity
kotlinx.coroutines.android.AndroidDispatcherFactory
com.google.android.material.search.SearchBar$ScrollingViewBehavior
androidx.compose.foundation.layout.UnspecifiedConstraintsElement
androidx.core.graphics.drawable.IconCompatParcelizer
androidx.appcompat.widget.ActionMenuView
androidx.appcompat.view.menu.ActionMenuItemView
com.google.android.gms.common.SupportErrorDialogFragment
androidx.compose.foundation.layout.WrapContentElement
com.google.android.gms.common.GooglePlayServicesMissingManifestValueException
com.google.android.material.carousel.CarouselLayoutManager
com.google.android.gms.common.internal.ReflectedParcelable
androidx.compose.ui.input.pointer.SuspendPointerInputElement
androidx.appcompat.widget.DialogTitle
androidx.compose.ui.input.rotary.RotaryInputElement
android.support.v4.app.RemoteActionCompatParcelizer
com.google.android.material.bottomsheet.BottomSheetBehavior
androidx.compose.ui.semantics.AppendedSemanticsElement
com.google.android.gms.location.LocationResult
com.google.android.material.transformation.FabTransformationScrimBehavior
androidx.compose.ui.draw.PainterElement
com.google.android.gms.location.LocationAvailability
com.google.android.gms.common.api.internal.zzd
com.google.android.gms.auth.api.signin.GoogleSignInAccount
androidx.compose.ui.input.pointer.PointerHoverIconModifierElement
com.google.android.material.behavior.SwipeDismissBehavior
com.google.android.material.datepicker.MaterialTextInputPicker
androidx.compose.foundation.layout.BoxChildDataElement
androidx.compose.foundation.text.modifiers.TextStringSimpleElement
com.google.android.material.bottomappbar.BottomAppBar$Behavior
androidx.compose.foundation.HoverableElement
androidx.compose.ui.layout.LayoutElement
androidx.compose.foundation.ClickableElement
androidx.compose.ui.platform.DragAndDropModifierOnDragListener$modifier$1
com.google.android.material.timepicker.TimePickerView
androidx.startup.InitializationProvider
androidx.fragment.app.DialogFragment
androidx.compose.foundation.FocusableElement
androidx.coordinatorlayout.widget.CoordinatorLayout
androidx.compose.foundation.layout.PaddingElement
androidx.versionedparcelable.CustomVersionedParcelable
androidx.compose.material3.MinimumInteractiveModifier
com.google.android.material.appbar.AppBarLayout$ScrollingViewBehavior
androidx.appcompat.widget.FitWindowsFrameLayout
com.google.android.material.datepicker.MaterialCalendar
androidx.appcompat.view.menu.ExpandedMenuView
androidx.appcompat.widget.ActionBarContainer
androidx.compose.ui.draw.DrawBehindElement
androidx.appcompat.widget.ViewStubCompat
androidx.compose.ui.input.nestedscroll.NestedScrollElement
com.google.android.gms.location.CurrentLocationRequest: android.os.Parcelable$Creator CREATOR
kotlinx.coroutines.android.AndroidExceptionPreHandler: java.lang.Object _preHandler
kotlinx.coroutines.scheduling.CoroutineScheduler: int _isTerminated$volatile
kotlinx.coroutines.internal.ConcurrentLinkedListNode: java.lang.Object _next$volatile
androidx.concurrent.futures.AbstractResolvableFuture$Waiter: java.lang.Thread thread
kotlinx.coroutines.JobSupport$Finishing: java.lang.Object _rootCause$volatile
kotlinx.coroutines.internal.LockFreeLinkedListNode: java.lang.Object _removedRef$volatile
kotlinx.coroutines.internal.LockFreeLinkedListNode: java.lang.Object _prev$volatile
com.google.android.gms.internal.location.zzee: android.os.Parcelable$Creator CREATOR
kotlinx.coroutines.JobSupport: java.lang.Object _state$volatile
com.google.android.gms.common.internal.RootTelemetryConfiguration: android.os.Parcelable$Creator CREATOR
kotlinx.coroutines.sync.MutexImpl: java.lang.Object owner$volatile
androidx.fragment.app.FragmentManagerState: android.os.Parcelable$Creator CREATOR